<?xml version="1.0" encoding="UTF-8"?>
<!-- Generated by org.testng.reporters.JUnitReportReporter -->
<testsuite hostname="PTPL-LAP-088" failures="0" tests="1" name="teamselectiontestcases.ForeignPlayersValidation" time="0.014" errors="0" timestamp="2022-09-26T16:25:37 IST" skipped="0">
  <testcase classname="teamselectiontestcases.ForeignPlayersValidation" name="validateFourForeignPlayers" time="0.014"/>
  <system-out/>
</testsuite> <!-- teamselectiontestcases.ForeignPlayersValidation -->
